<?xml version="1.0" encoding="UTF-8"?>
<!-- Generated by org.testng.reporters.JUnitReportReporter -->
<testsuite hostname="USDLSMVDIF00997" name="Automation1.TestClass" tests="1" failures="0" timestamp="3 Aug 2017 06:21:29 GMT" time="36.211" errors="0">
  <testcase name="FinalExecution" time="36.211" classname="Automation1.TestClass"/>
</testsuite> <!-- Automation1.TestClass -->
