<?xml version="1.0" encoding="UTF-8"?>
<!-- Generated by org.testng.reporters.JUnitReportReporter -->
<testsuite hostname="USDLSMVDIF00997" name="Automation.NewTest" tests="1" failures="0" timestamp="22 Jun 2017 05:56:25 GMT" time="0.058" errors="0">
  <testcase name="f" time="0.058" classname="Automation.NewTest"/>
</testsuite> <!-- Automation.NewTest -->
