<?xml version="1.0" encoding="UTF-8"?>
<!-- Generated by org.testng.reporters.JUnitReportReporter -->
<testsuite hostname="USDLSMVDIF00997" name="Automation1.Execution" tests="1" failures="0" timestamp="11 Jul 2017 10:06:27 GMT" time="140.141" errors="0">
  <testcase name="FinalExecution" time="140.141" classname="Automation1.Execution"/>
</testsuite> <!-- Automation1.Execution -->
