<?xml version="1.0" encoding="UTF-8"?>
<!-- Generated by org.testng.reporters.JUnitReportReporter -->
<testsuite hostname="USDLSMVDIF00997" name="Automation.Execution" tests="1" failures="0" timestamp="9 Jun 2017 13:13:11 GMT" time="202.020" errors="0">
  <testcase name="main" time="202.020" classname="Automation.Execution"/>
</testsuite> <!-- Automation.Execution -->
