<?xml version="1.0" encoding="UTF-8"?>
<!-- Generated by org.testng.reporters.JUnitReportReporter -->
<testsuite hostname="USDLSMVDIF00997" name="Automation.Testing" tests="1" failures="0" timestamp="7 Jun 2017 07:50:19 GMT" time="0.038" errors="0">
  <testcase name="test1" time="0.038" classname="Automation.Testing"/>
</testsuite> <!-- Automation.Testing -->
