<?xml version="1.0" encoding="UTF-8"?>
<!-- Generated by org.testng.reporters.JUnitReportReporter -->
<testsuite hostname="USDLSMVDIF00997" name="Automation1.TestClass" tests="1" failures="0" timestamp="14 Aug 2017 23:07:46 GMT" time="54059.031" errors="0">
  <testcase name="FinalExecution" time="54059.031" classname="Automation1.TestClass"/>
</testsuite> <!-- Automation1.TestClass -->
